<?xml version="1.0" encoding="UTF-8"?>
<!-- Generated by org.testng.reporters.JUnitXMLReporter -->
<testsuite hostname="vanlongdao-MS-7817" name="Default test" tests="33" failures="0" timestamp="8 Oct 2014 11:09:50 GMT" time="177.322" errors="0">
  <testcase name="testGetActionLogByTotalPayAndPayDate" time="6.306" classname="arrow.mems.service.MasterDashboardServiceTest"/>
  <testcase name="testGetActionLogForPaidList" time="4.842" classname="arrow.mems.service.MasterDashboardServiceTest"/>
  <testcase name="testGetBudgetForBudgetStatus" time="4.646" classname="arrow.mems.service.MasterDashboardServiceTest"/>
  <testcase name="testGetCountScheItemFilterByStartToEndDate" time="4.714" classname="arrow.mems.service.MasterDashboardServiceTest"/>
  <testcase name="testGetDeliverySchedule" time="6.148" classname="arrow.mems.service.MasterDashboardServiceTest"/>
  <testcase name="testGetHospitalDeptByOfficeCode" time="4.579" classname="arrow.mems.service.MasterDashboardServiceTest"/>
  <testcase name="testGetListContactDepartment" time="5.178" classname="arrow.mems.service.MasterDashboardServiceTest"/>
  <testcase name="testGetListContactOfAllTask" time="5.491" classname="arrow.mems.service.MasterDashboardServiceTest"/>
  <testcase name="testGetListContactOfMyTask" time="5.095" classname="arrow.mems.service.MasterDashboardServiceTest"/>
  <testcase name="testGetListContactOfMyTaskByHospPnsCode" time="5.179" classname="arrow.mems.service.MasterDashboardServiceTest"/>
  <testcase name="testGetNoticeLogByOfficeCode" time="4.544" classname="arrow.mems.service.MasterDashboardServiceTest"/>
  <testcase name="testGetScheItemFilterByStartToEndDate" time="5.841" classname="arrow.mems.service.MasterDashboardServiceTest"/>
  <testcase name="testGetSumTotalPayByHospDeptCode" time="5.118" classname="arrow.mems.service.MasterDashboardServiceTest"/>
  <testcase name="testGetTotalRepairCostCurrentMonthDepartment" time="4.787" classname="arrow.mems.service.MasterDashboardServiceTest"/>
  <testcase name="testGetTotalRepairCostCurrentMonthOfAllTask" time="4.451" classname="arrow.mems.service.MasterDashboardServiceTest"/>
  <testcase name="testGetTotalRepairCostCurrentMonthOfMyTask" time="4.975" classname="arrow.mems.service.MasterDashboardServiceTest"/>
  <testcase name="testGetTotalRepairCostCurrentMonthOfMyTaskByHospPnsCode" time="5.484" classname="arrow.mems.service.MasterDashboardServiceTest"/>
  <testcase name="testGetTotalRepairCurrentMonthOfAllTask" time="4.465" classname="arrow.mems.service.MasterDashboardServiceTest"/>
  <testcase name="testGetTotalRepairCurrentMonthOfMyTask" time="4.515" classname="arrow.mems.service.MasterDashboardServiceTest"/>
  <testcase name="testGetTotalRepairCurrentMonthOfMyTaskByHospPsnCode" time="4.409" classname="arrow.mems.service.MasterDashboardServiceTest"/>
  <testcase name="testGetTotalRepairDoingAllTask" time="4.497" classname="arrow.mems.service.MasterDashboardServiceTest"/>
  <testcase name="testGetTotalRepairDoingDepartment" time="4.374" classname="arrow.mems.service.MasterDashboardServiceTest"/>
  <testcase name="testGetTotalRepairDoingMyTask" time="4.462" classname="arrow.mems.service.MasterDashboardServiceTest"/>
  <testcase name="testGetTotalRepairDoingMyTaskByHospPnsCode" time="4.622" classname="arrow.mems.service.MasterDashboardServiceTest"/>
  <testcase name="testGetTotalRepairItemCostAllTasks" time="4.634" classname="arrow.mems.service.MasterDashboardServiceTest"/>
  <testcase name="testGetTotalRepairItemCostDepartment" time="4.513" classname="arrow.mems.service.MasterDashboardServiceTest"/>
  <testcase name="testGetTotalRepairItemOfYearAllTasks" time="4.541" classname="arrow.mems.service.MasterDashboardServiceTest"/>
  <testcase name="testGetTotalRepairItemOfYearDepartment" time="4.321" classname="arrow.mems.service.MasterDashboardServiceTest"/>
  <testcase name="testGetTotalRepairNotStartAllTask" time="4.902" classname="arrow.mems.service.MasterDashboardServiceTest"/>
  <testcase name="testGetTotalRepairNotStartDepartment" time="4.496" classname="arrow.mems.service.MasterDashboardServiceTest"/>
  <testcase name="testGetTotalRepairNotStartMyTask" time="4.541" classname="arrow.mems.service.MasterDashboardServiceTest"/>
  <testcase name="testGetTotalRepairNotStartMyTaskByHospPnsCode" time="4.353" classname="arrow.mems.service.MasterDashboardServiceTest"/>
  <testcase name="testGetTotalRepairOfCurrentMonthDepartment" time="5.883" classname="arrow.mems.service.MasterDashboardServiceTest"/>
</testsuite> <!-- Default test -->
